# JRE version: OpenJDK Runtime Environment (11.0.10) (build 11.0.10+0-b96-7249189)
# Java VM: OpenJDK 64-Bit Server VM (11.0.10+0-b96-7249189, mixed mode, tiered, compressed oops, g1 gc, windows-amd64)
Heap:
 garbage-first heap   total 678912K, used 227251K [0x0000000080000000, 0x0000000100000000)
  region size 1024K, 7 young (7168K), 7 survivors (7168K)
 Metaspace       used 188979K, capacity 194291K, committed 194456K, reserved 1218560K
  class space    used 23528K, capacity 25447K, committed 25548K, reserved 1048576K
GC Heap History (20 events):
Event: 2076.422 GC heap after
{Heap after GC invocations=154 (full 0):
 garbage-first heap   total 282624K, used 194594K [0x0000000080000000, 0x0000000100000000)
  region size 1024K, 4 young (4096K), 4 survivors (4096K)
 Metaspace       used 188612K, capacity 193953K, committed 194200K, reserved 1218560K
  class space    used 23515K, capacity 25436K, committed 25548K, reserved 1048576K
}
Event: 2076.454 GC heap before
{Heap before GC invocations=154 (full 0):
 garbage-first heap   total 282624K, used 202786K [0x0000000080000000, 0x0000000100000000)
  region size 1024K, 13 young (13312K), 4 survivors (4096K)
 Metaspace       used 188615K, capacity 193954K, committed 194200K, reserved 1218560K
  class space    used 23515K, capacity 25436K, committed 25548K, reserved 1048576K
}
Event: 2076.498 GC heap after
{Heap after GC invocations=155 (full 0):
 garbage-first heap   total 282624K, used 193962K [0x0000000080000000, 0x0000000100000000)
  region size 1024K, 2 young (2048K), 2 survivors (2048K)
 Metaspace       used 188615K, capacity 193954K, committed 194200K, reserved 1218560K
  class space    used 23515K, capacity 25436K, committed 25548K, reserved 1048576K
}
Event: 2076.503 GC heap before
{Heap before GC invocations=155 (full 0):
 garbage-first heap   total 282624K, used 194986K [0x0000000080000000, 0x0000000100000000)
  region size 1024K, 4 young (4096K), 2 survivors (2048K)
 Metaspace       used 188615K, capacity 193954K, committed 194200K, reserved 1218560K
  class space    used 23515K, capacity 25436K, committed 25548K, reserved 1048576K
}
Event: 2076.511 GC heap after
{Heap after GC invocations=156 (full 0):
 garbage-first heap   total 282624K, used 194139K [0x0000000080000000, 0x0000000100000000)
  region size 1024K, 2 young (2048K), 2 survivors (2048K)
 Metaspace       used 188615K, capacity 193954K, committed 194200K, reserved 1218560K
  class space    used 23515K, capacity 25436K, committed 25548K, reserved 1048576K
}
Event: 2076.751 GC heap before
{Heap before GC invocations=156 (full 0):
 garbage-first heap   total 282624K, used 239195K [0x0000000080000000, 0x0000000100000000)
  region size 1024K, 45 young (46080K), 2 survivors (2048K)
 Metaspace       used 188664K, capacity 193957K, committed 194200K, reserved 1218560K
  class space    used 23521K, capacity 25436K, committed 25548K, reserved 1048576K
}
Event: 2076.756 GC heap after
{Heap after GC invocations=157 (full 0):
 garbage-first heap   total 282624K, used 198095K [0x0000000080000000, 0x0000000100000000)
  region size 1024K, 5 young (5120K), 5 survivors (5120K)
 Metaspace       used 188664K, capacity 193957K, committed 194200K, reserved 1218560K
  class space    used 23521K, capacity 25436K, committed 25548K, reserved 1048576K
}
Event: 2077.016 GC heap before
{Heap before GC invocations=157 (full 0):
 garbage-first heap   total 282624K, used 239055K [0x0000000080000000, 0x0000000100000000)
  region size 1024K, 46 young (47104K), 5 survivors (5120K)
 Metaspace       used 188729K, capacity 194032K, committed 194200K, reserved 1218560K
  class space    used 23521K, capacity 25436K, committed 25548K, reserved 1048576K
}
Event: 2077.030 GC heap after
{Heap after GC invocations=158 (full 0):
 garbage-first heap   total 282624K, used 201141K [0x0000000080000000, 0x0000000100000000)
  region size 1024K, 5 young (5120K), 5 survivors (5120K)
 Metaspace       used 188729K, capacity 194032K, committed 194200K, reserved 1218560K
  class space    used 23521K, capacity 25436K, committed 25548K, reserved 1048576K
}
Event: 2077.315 GC heap before
{Heap before GC invocations=158 (full 0):
 garbage-first heap   total 282624K, used 240053K [0x0000000080000000, 0x0000000100000000)
  region size 1024K, 44 young (45056K), 5 survivors (5120K)
 Metaspace       used 188878K, capacity 194202K, committed 194456K, reserved 1218560K
  class space    used 23524K, capacity 25441K, committed 25548K, reserved 1048576K
}
Event: 2077.333 GC heap after
{Heap after GC invocations=159 (full 0):
 garbage-first heap   total 282624K, used 204480K [0x0000000080000000, 0x0000000100000000)
  region size 1024K, 5 young (5120K), 5 survivors (5120K)
 Metaspace       used 188878K, capacity 194202K, committed 194456K, reserved 1218560K
  class space    used 23524K, capacity 25441K, committed 25548K, reserved 1048576K
}
Event: 2077.498 GC heap before
{Heap before GC invocations=160 (full 0):
 garbage-first heap   total 282624K, used 241344K [0x0000000080000000, 0x0000000100000000)
  region size 1024K, 41 young (41984K), 5 survivors (5120K)
 Metaspace       used 188891K, capacity 194202K, committed 194456K, reserved 1218560K
  class space    used 23524K, capacity 25441K, committed 25548K, reserved 1048576K
}
Event: 2077.523 GC heap after
{Heap after GC invocations=161 (full 0):
 garbage-first heap   total 353280K, used 208612K [0x0000000080000000, 0x0000000100000000)
  region size 1024K, 5 young (5120K), 5 survivors (5120K)
 Metaspace       used 188891K, capacity 194202K, committed 194456K, reserved 1218560K
  class space    used 23524K, capacity 25441K, committed 25548K, reserved 1048576K
}
Event: 2077.592 GC heap before
{Heap before GC invocations=161 (full 0):
 garbage-first heap   total 353280K, used 220900K [0x0000000080000000, 0x0000000100000000)
  region size 1024K, 17 young (17408K), 5 survivors (5120K)
 Metaspace       used 188899K, capacity 194202K, committed 194456K, reserved 1218560K
  class space    used 23524K, capacity 25441K, committed 25548K, reserved 1048576K
}
Event: 2077.609 GC heap after
{Heap after GC invocations=162 (full 0):
 garbage-first heap   total 353280K, used 209789K [0x0000000080000000, 0x0000000100000000)
  region size 1024K, 2 young (2048K), 2 survivors (2048K)
 Metaspace       used 188899K, capacity 194202K, committed 194456K, reserved 1218560K
  class space    used 23524K, capacity 25441K, committed 25548K, reserved 1048576K
}
Event: 2077.995 GC heap before
{Heap before GC invocations=162 (full 0):
 garbage-first heap   total 353280K, used 284541K [0x0000000080000000, 0x0000000100000000)
  region size 1024K, 75 young (76800K), 2 survivors (2048K)
 Metaspace       used 188924K, capacity 194207K, committed 194456K, reserved 1218560K
  class space    used 23524K, capacity 25441K, committed 25548K, reserved 1048576K
}
Event: 2078.019 GC heap after
{Heap after GC invocations=163 (full 0):
 garbage-first heap   total 353280K, used 215112K [0x0000000080000000, 0x0000000100000000)
  region size 1024K, 7 young (7168K), 7 survivors (7168K)
 Metaspace       used 188924K, capacity 194207K, committed 194456K, reserved 1218560K
  class space    used 23524K, capacity 25441K, committed 25548K, reserved 1048576K
}
Event: 2078.610 GC heap before
{Heap before GC invocations=163 (full 0):
 garbage-first heap   total 353280K, used 288840K [0x0000000080000000, 0x0000000100000000)
  region size 1024K, 79 young (80896K), 7 survivors (7168K)
 Metaspace       used 188963K, capacity 194291K, committed 194456K, reserved 1218560K
  class space    used 23528K, capacity 25447K, committed 25548K, reserved 1048576K
}
Event: 2078.647 GC heap after
{Heap after GC invocations=164 (full 0):
 garbage-first heap   total 353280K, used 220426K [0x0000000080000000, 0x0000000100000000)
  region size 1024K, 6 young (6144K), 6 survivors (6144K)
 Metaspace       used 188963K, capacity 194291K, committed 194456K, reserved 1218560K
  class space    used 23528K, capacity 25447K, committed 25548K, reserved 1048576K
}
Event: 2078.977 GC heap before
{Heap before GC invocations=164 (full 0):
 garbage-first heap   total 353280K, used 292106K [0x0000000080000000, 0x0000000100000000)
  region size 1024K, 76 young (77824K), 6 survivors (6144K)
 Metaspace       used 188979K, capacity 194291K, committed 194456K, reserved 1218560K
  class space    used 23528K, capacity 25447K, committed 25548K, reserved 1048576K
}

