# JRE version: OpenJDK Runtime Environment (11.0.10) (build 11.0.10+0-b96-7249189)
# Java VM: OpenJDK 64-Bit Server VM (11.0.10+0-b96-7249189, mixed mode, tiered, compressed oops, g1 gc, windows-amd64)
Heap:
 garbage-first heap   total 635904K, used 179194K [0x0000000080000000, 0x0000000100000000)
  region size 1024K, 2 young (2048K), 2 survivors (2048K)
 Metaspace       used 103859K, capacity 106580K, committed 106880K, reserved 1142784K
  class space    used 13310K, capacity 14337K, committed 14464K, reserved 1048576K
GC Heap History (20 events):
Event: 45.989 GC heap after
{Heap after GC invocations=86 (full 0):
 garbage-first heap   total 386048K, used 158862K [0x0000000080000000, 0x0000000100000000)
  region size 1024K, 6 young (6144K), 6 survivors (6144K)
 Metaspace       used 103520K, capacity 106185K, committed 106240K, reserved 1140736K
  class space    used 13297K, capacity 14323K, committed 14336K, reserved 1048576K
}
Event: 46.737 GC heap before
{Heap before GC invocations=86 (full 0):
 garbage-first heap   total 386048K, used 340110K [0x0000000080000000, 0x0000000100000000)
  region size 1024K, 181 young (185344K), 6 survivors (6144K)
 Metaspace       used 103634K, capacity 106274K, committed 106496K, reserved 1140736K
  class space    used 13299K, capacity 14328K, committed 14336K, reserved 1048576K
}
Event: 46.757 GC heap after
{Heap after GC invocations=87 (full 0):
 garbage-first heap   total 386048K, used 162101K [0x0000000080000000, 0x0000000100000000)
  region size 1024K, 9 young (9216K), 9 survivors (9216K)
 Metaspace       used 103634K, capacity 106274K, committed 106496K, reserved 1140736K
  class space    used 13299K, capacity 14328K, committed 14336K, reserved 1048576K
}
Event: 47.278 GC heap before
{Heap before GC invocations=87 (full 0):
 garbage-first heap   total 386048K, used 335157K [0x0000000080000000, 0x0000000100000000)
  region size 1024K, 178 young (182272K), 9 survivors (9216K)
 Metaspace       used 103672K, capacity 106340K, committed 106496K, reserved 1140736K
  class space    used 13300K, capacity 14328K, committed 14336K, reserved 1048576K
}
Event: 47.296 GC heap after
{Heap after GC invocations=88 (full 0):
 garbage-first heap   total 386048K, used 161736K [0x0000000080000000, 0x0000000100000000)
  region size 1024K, 9 young (9216K), 9 survivors (9216K)
 Metaspace       used 103672K, capacity 106340K, committed 106496K, reserved 1140736K
  class space    used 13300K, capacity 14328K, committed 14336K, reserved 1048576K
}
Event: 47.802 GC heap before
{Heap before GC invocations=88 (full 0):
 garbage-first heap   total 386048K, used 334792K [0x0000000080000000, 0x0000000100000000)
  region size 1024K, 178 young (182272K), 9 survivors (9216K)
 Metaspace       used 103686K, capacity 106340K, committed 106496K, reserved 1140736K
  class space    used 13300K, capacity 14328K, committed 14336K, reserved 1048576K
}
Event: 47.825 GC heap after
{Heap after GC invocations=89 (full 0):
 garbage-first heap   total 454656K, used 163140K [0x0000000080000000, 0x0000000100000000)
  region size 1024K, 10 young (10240K), 10 survivors (10240K)
 Metaspace       used 103686K, capacity 106340K, committed 106496K, reserved 1140736K
  class space    used 13300K, capacity 14328K, committed 14336K, reserved 1048576K
}
Event: 48.573 GC heap before
{Heap before GC invocations=89 (full 0):
 garbage-first heap   total 454656K, used 388420K [0x0000000080000000, 0x0000000100000000)
  region size 1024K, 230 young (235520K), 10 survivors (10240K)
 Metaspace       used 103746K, capacity 106427K, committed 106496K, reserved 1140736K
  class space    used 13304K, capacity 14333K, committed 14336K, reserved 1048576K
}
Event: 48.593 GC heap after
{Heap after GC invocations=90 (full 0):
 garbage-first heap   total 454656K, used 162389K [0x0000000080000000, 0x0000000100000000)
  region size 1024K, 9 young (9216K), 9 survivors (9216K)
 Metaspace       used 103746K, capacity 106427K, committed 106496K, reserved 1140736K
  class space    used 13304K, capacity 14333K, committed 14336K, reserved 1048576K
}
Event: 49.755 GC heap before
{Heap before GC invocations=90 (full 0):
 garbage-first heap   total 454656K, used 393813K [0x0000000080000000, 0x0000000100000000)
  region size 1024K, 235 young (240640K), 9 survivors (9216K)
 Metaspace       used 103792K, capacity 106495K, committed 106752K, reserved 1142784K
  class space    used 13308K, capacity 14334K, committed 14336K, reserved 1048576K
}
Event: 49.774 GC heap after
{Heap after GC invocations=91 (full 0):
 garbage-first heap   total 454656K, used 161365K [0x0000000080000000, 0x0000000100000000)
  region size 1024K, 8 young (8192K), 8 survivors (8192K)
 Metaspace       used 103792K, capacity 106495K, committed 106752K, reserved 1142784K
  class space    used 13308K, capacity 14334K, committed 14336K, reserved 1048576K
}
Event: 50.873 GC heap before
{Heap before GC invocations=91 (full 0):
 garbage-first heap   total 454656K, used 394837K [0x0000000080000000, 0x0000000100000000)
  region size 1024K, 236 young (241664K), 8 survivors (8192K)
 Metaspace       used 103826K, capacity 106573K, committed 106752K, reserved 1142784K
  class space    used 13309K, capacity 14336K, committed 14336K, reserved 1048576K
}
Event: 50.914 GC heap after
{Heap after GC invocations=92 (full 0):
 garbage-first heap   total 454656K, used 168264K [0x0000000080000000, 0x0000000100000000)
  region size 1024K, 15 young (15360K), 15 survivors (15360K)
 Metaspace       used 103826K, capacity 106573K, committed 106752K, reserved 1142784K
  class space    used 13309K, capacity 14336K, committed 14336K, reserved 1048576K
}
Event: 51.974 GC heap before
{Heap before GC invocations=92 (full 0):
 garbage-first heap   total 454656K, used 395592K [0x0000000080000000, 0x0000000100000000)
  region size 1024K, 232 young (237568K), 15 survivors (15360K)
 Metaspace       used 103851K, capacity 106580K, committed 106880K, reserved 1142784K
  class space    used 13310K, capacity 14337K, committed 14464K, reserved 1048576K
}
Event: 52.002 GC heap after
{Heap after GC invocations=93 (full 0):
 garbage-first heap   total 454656K, used 165461K [0x0000000080000000, 0x0000000100000000)
  region size 1024K, 12 young (12288K), 12 survivors (12288K)
 Metaspace       used 103851K, capacity 106580K, committed 106880K, reserved 1142784K
  class space    used 13310K, capacity 14337K, committed 14464K, reserved 1048576K
}
Event: 52.953 GC heap before
{Heap before GC invocations=93 (full 0):
 garbage-first heap   total 454656K, used 392789K [0x0000000080000000, 0x0000000100000000)
  region size 1024K, 234 young (239616K), 12 survivors (12288K)
 Metaspace       used 103854K, capacity 106580K, committed 106880K, reserved 1142784K
  class space    used 13310K, capacity 14337K, committed 14464K, reserved 1048576K
}
Event: 53.025 GC heap after
{Heap after GC invocations=94 (full 0):
 garbage-first heap   total 454656K, used 182357K [0x0000000080000000, 0x0000000100000000)
  region size 1024K, 29 young (29696K), 29 survivors (29696K)
 Metaspace       used 103854K, capacity 106580K, committed 106880K, reserved 1142784K
  class space    used 13310K, capacity 14337K, committed 14464K, reserved 1048576K
}
Event: 53.887 GC heap before
{Heap before GC invocations=94 (full 0):
 garbage-first heap   total 454656K, used 377941K [0x0000000080000000, 0x0000000100000000)
  region size 1024K, 220 young (225280K), 29 survivors (29696K)
 Metaspace       used 103854K, capacity 106580K, committed 106880K, reserved 1142784K
  class space    used 13310K, capacity 14337K, committed 14464K, reserved 1048576K
}
Event: 54.009 GC heap after
{Heap after GC invocations=95 (full 0):
 garbage-first heap   total 454656K, used 179234K [0x0000000080000000, 0x0000000100000000)
  region size 1024K, 2 young (2048K), 2 survivors (2048K)
 Metaspace       used 103854K, capacity 106580K, committed 106880K, reserved 1142784K
  class space    used 13310K, capacity 14337K, committed 14464K, reserved 1048576K
}
Event: 55.493 GC heap before
{Heap before GC invocations=95 (full 0):
 garbage-first heap   total 454656K, used 388130K [0x0000000080000000, 0x0000000100000000)
  region size 1024K, 205 young (209920K), 2 survivors (2048K)
 Metaspace       used 103859K, capacity 106580K, committed 106880K, reserved 1142784K
  class space    used 13310K, capacity 14337K, committed 14464K, reserved 1048576K
}

