# JRE version: OpenJDK Runtime Environment (11.0.10) (build 11.0.10+0-b96-7249189)
# Java VM: OpenJDK 64-Bit Server VM (11.0.10+0-b96-7249189, mixed mode, tiered, compressed oops, g1 gc, windows-amd64)
Heap:
 garbage-first heap   total 146432K, used 111902K [0x0000000080000000, 0x0000000100000000)
  region size 1024K, 40 young (40960K), 4 survivors (4096K)
 Metaspace       used 89070K, capacity 91123K, committed 91428K, reserved 1128448K
  class space    used 11433K, capacity 12166K, committed 12288K, reserved 1048576K
GC Heap History (20 events):
Event: 13.812 GC heap before
{Heap before GC invocations=24 (full 0):
 garbage-first heap   total 101376K, used 80922K [0x0000000080000000, 0x0000000100000000)
  region size 1024K, 26 young (26624K), 2 survivors (2048K)
 Metaspace       used 65956K, capacity 67503K, committed 67620K, reserved 1107968K
  class space    used 8329K, capacity 8884K, committed 8960K, reserved 1048576K
}
Event: 13.817 GC heap after
{Heap after GC invocations=25 (full 0):
 garbage-first heap   total 101376K, used 55717K [0x0000000080000000, 0x0000000100000000)
  region size 1024K, 3 young (3072K), 3 survivors (3072K)
 Metaspace       used 65956K, capacity 67503K, committed 67620K, reserved 1107968K
  class space    used 8329K, capacity 8884K, committed 8960K, reserved 1048576K
}
Event: 14.153 GC heap before
{Heap before GC invocations=25 (full 0):
 garbage-first heap   total 101376K, used 79269K [0x0000000080000000, 0x0000000100000000)
  region size 1024K, 27 young (27648K), 3 survivors (3072K)
 Metaspace       used 66601K, capacity 68271K, committed 68516K, reserved 1110016K
  class space    used 8413K, capacity 8988K, committed 9088K, reserved 1048576K
}
Event: 14.162 GC heap after
{Heap after GC invocations=26 (full 0):
 garbage-first heap   total 101376K, used 58385K [0x0000000080000000, 0x0000000100000000)
  region size 1024K, 4 young (4096K), 4 survivors (4096K)
 Metaspace       used 66601K, capacity 68271K, committed 68516K, reserved 1110016K
  class space    used 8413K, capacity 8988K, committed 9088K, reserved 1048576K
}
Event: 14.651 GC heap before
{Heap before GC invocations=27 (full 0):
 garbage-first heap   total 101376K, used 81937K [0x0000000080000000, 0x0000000100000000)
  region size 1024K, 27 young (27648K), 4 survivors (4096K)
 Metaspace       used 68421K, capacity 70072K, committed 70308K, reserved 1110016K
  class space    used 8634K, capacity 9246K, committed 9344K, reserved 1048576K
}
Event: 14.661 GC heap after
{Heap after GC invocations=28 (full 0):
 garbage-first heap   total 121856K, used 60334K [0x0000000080000000, 0x0000000100000000)
  region size 1024K, 2 young (2048K), 2 survivors (2048K)
 Metaspace       used 68421K, capacity 70072K, committed 70308K, reserved 1110016K
  class space    used 8634K, capacity 9246K, committed 9344K, reserved 1048576K
}
Event: 15.646 GC heap before
{Heap before GC invocations=28 (full 0):
 garbage-first heap   total 121856K, used 93102K [0x0000000080000000, 0x0000000100000000)
  region size 1024K, 34 young (34816K), 2 survivors (2048K)
 Metaspace       used 72263K, capacity 73940K, committed 74148K, reserved 1114112K
  class space    used 9273K, capacity 9849K, committed 9856K, reserved 1048576K
}
Event: 15.654 GC heap after
{Heap after GC invocations=29 (full 0):
 garbage-first heap   total 121856K, used 62205K [0x0000000080000000, 0x0000000100000000)
  region size 1024K, 4 young (4096K), 4 survivors (4096K)
 Metaspace       used 72263K, capacity 73940K, committed 74148K, reserved 1114112K
  class space    used 9273K, capacity 9849K, committed 9856K, reserved 1048576K
}
Event: 16.603 GC heap before
{Heap before GC invocations=30 (full 0):
 garbage-first heap   total 121856K, used 94973K [0x0000000080000000, 0x0000000100000000)
  region size 1024K, 36 young (36864K), 4 survivors (4096K)
 Metaspace       used 74897K, capacity 76754K, committed 76964K, reserved 1116160K
  class space    used 9665K, capacity 10347K, committed 10368K, reserved 1048576K
}
Event: 16.614 GC heap after
{Heap after GC invocations=31 (full 0):
 garbage-first heap   total 121856K, used 64449K [0x0000000080000000, 0x0000000100000000)
  region size 1024K, 5 young (5120K), 5 survivors (5120K)
 Metaspace       used 74897K, capacity 76754K, committed 76964K, reserved 1116160K
  class space    used 9665K, capacity 10347K, committed 10368K, reserved 1048576K
}
Event: 17.434 GC heap before
{Heap before GC invocations=31 (full 0):
 garbage-first heap   total 121856K, used 96193K [0x0000000080000000, 0x0000000100000000)
  region size 1024K, 36 young (36864K), 5 survivors (5120K)
 Metaspace       used 78088K, capacity 79897K, committed 80036K, reserved 1118208K
  class space    used 10124K, capacity 10789K, committed 10880K, reserved 1048576K
}
Event: 17.448 GC heap after
{Heap after GC invocations=32 (full 0):
 garbage-first heap   total 121856K, used 66396K [0x0000000080000000, 0x0000000100000000)
  region size 1024K, 5 young (5120K), 5 survivors (5120K)
 Metaspace       used 78088K, capacity 79897K, committed 80036K, reserved 1118208K
  class space    used 10124K, capacity 10789K, committed 10880K, reserved 1048576K
}
Event: 18.488 GC heap before
{Heap before GC invocations=33 (full 0):
 garbage-first heap   total 121856K, used 98140K [0x0000000080000000, 0x0000000100000000)
  region size 1024K, 36 young (36864K), 5 survivors (5120K)
 Metaspace       used 81545K, capacity 83367K, committed 83492K, reserved 1122304K
  class space    used 10505K, capacity 11165K, committed 11264K, reserved 1048576K
}
Event: 18.506 GC heap after
{Heap after GC invocations=34 (full 0):
 garbage-first heap   total 146432K, used 70226K [0x0000000080000000, 0x0000000100000000)
  region size 1024K, 5 young (5120K), 5 survivors (5120K)
 Metaspace       used 81545K, capacity 83367K, committed 83492K, reserved 1122304K
  class space    used 10505K, capacity 11165K, committed 11264K, reserved 1048576K
}
Event: 24.642 GC heap before
{Heap before GC invocations=34 (full 0):
 garbage-first heap   total 146432K, used 110162K [0x0000000080000000, 0x0000000100000000)
  region size 1024K, 45 young (46080K), 5 survivors (5120K)
 Metaspace       used 84355K, capacity 86447K, committed 86692K, reserved 1124352K
  class space    used 10884K, capacity 11639K, committed 11648K, reserved 1048576K
}
Event: 24.657 GC heap after
{Heap after GC invocations=35 (full 0):
 garbage-first heap   total 146432K, used 73808K [0x0000000080000000, 0x0000000100000000)
  region size 1024K, 4 young (4096K), 4 survivors (4096K)
 Metaspace       used 84355K, capacity 86447K, committed 86692K, reserved 1124352K
  class space    used 10884K, capacity 11639K, committed 11648K, reserved 1048576K
}
Event: 26.958 GC heap before
{Heap before GC invocations=35 (full 0):
 garbage-first heap   total 146432K, used 113744K [0x0000000080000000, 0x0000000100000000)
  region size 1024K, 44 young (45056K), 4 survivors (4096K)
 Metaspace       used 84932K, capacity 87026K, committed 87332K, reserved 1124352K
  class space    used 10920K, capacity 11691K, committed 11776K, reserved 1048576K
}
Event: 26.969 GC heap after
{Heap after GC invocations=36 (full 0):
 garbage-first heap   total 146432K, used 75952K [0x0000000080000000, 0x0000000100000000)
  region size 1024K, 6 young (6144K), 6 survivors (6144K)
 Metaspace       used 84932K, capacity 87026K, committed 87332K, reserved 1124352K
  class space    used 10920K, capacity 11691K, committed 11776K, reserved 1048576K
}
Event: 28.502 GC heap before
{Heap before GC invocations=37 (full 0):
 garbage-first heap   total 146432K, used 114864K [0x0000000080000000, 0x0000000100000000)
  region size 1024K, 45 young (46080K), 6 survivors (6144K)
 Metaspace       used 87720K, capacity 89805K, committed 90020K, reserved 1128448K
  class space    used 11315K, capacity 12063K, committed 12160K, reserved 1048576K
}
Event: 28.513 GC heap after
{Heap after GC invocations=38 (full 0):
 garbage-first heap   total 146432K, used 77086K [0x0000000080000000, 0x0000000100000000)
  region size 1024K, 4 young (4096K), 4 survivors (4096K)
 Metaspace       used 87720K, capacity 89805K, committed 90020K, reserved 1128448K
  class space    used 11315K, capacity 12063K, committed 12160K, reserved 1048576K
}

