# JRE version: OpenJDK Runtime Environment (11.0.10) (build 11.0.10+0-b96-7249189)
# Java VM: OpenJDK 64-Bit Server VM (11.0.10+0-b96-7249189, mixed mode, tiered, compressed oops, g1 gc, windows-amd64)
Heap:
 garbage-first heap   total 167936K, used 76737K [0x0000000080000000, 0x0000000100000000)
  region size 1024K, 3 young (3072K), 3 survivors (3072K)
 Metaspace       used 87344K, capacity 89422K, committed 89676K, reserved 1126400K
  class space    used 11258K, capacity 12018K, committed 12108K, reserved 1048576K
GC Heap History (20 events):
Event: 15.664 GC heap after
{Heap after GC invocations=20 (full 0):
 garbage-first heap   total 96256K, used 54964K [0x0000000080000000, 0x0000000100000000)
  region size 1024K, 2 young (2048K), 2 survivors (2048K)
 Metaspace       used 63613K, capacity 65212K, committed 65484K, reserved 1105920K
  class space    used 8018K, capacity 8596K, committed 8652K, reserved 1048576K
}
Event: 16.254 GC heap before
{Heap before GC invocations=21 (full 0):
 garbage-first heap   total 96256K, used 80564K [0x0000000080000000, 0x0000000100000000)
  region size 1024K, 26 young (26624K), 2 survivors (2048K)
 Metaspace       used 66001K, capacity 67562K, committed 67788K, reserved 1107968K
  class space    used 8324K, capacity 8884K, committed 8908K, reserved 1048576K
}
Event: 16.262 GC heap after
{Heap after GC invocations=22 (full 0):
 garbage-first heap   total 115712K, used 55760K [0x0000000080000000, 0x0000000100000000)
  region size 1024K, 3 young (3072K), 3 survivors (3072K)
 Metaspace       used 66001K, capacity 67562K, committed 67788K, reserved 1107968K
  class space    used 8324K, capacity 8884K, committed 8908K, reserved 1048576K
}
Event: 16.998 GC heap before
{Heap before GC invocations=22 (full 0):
 garbage-first heap   total 115712K, used 87504K [0x0000000080000000, 0x0000000100000000)
  region size 1024K, 34 young (34816K), 3 survivors (3072K)
 Metaspace       used 66685K, capacity 68335K, committed 68428K, reserved 1107968K
  class space    used 8412K, capacity 8988K, committed 9036K, reserved 1048576K
}
Event: 17.011 GC heap after
{Heap after GC invocations=23 (full 0):
 garbage-first heap   total 115712K, used 58788K [0x0000000080000000, 0x0000000100000000)
  region size 1024K, 5 young (5120K), 5 survivors (5120K)
 Metaspace       used 66685K, capacity 68335K, committed 68428K, reserved 1107968K
  class space    used 8412K, capacity 8988K, committed 9036K, reserved 1048576K
}
Event: 17.863 GC heap before
{Heap before GC invocations=24 (full 0):
 garbage-first heap   total 115712K, used 89508K [0x0000000080000000, 0x0000000100000000)
  region size 1024K, 35 young (35840K), 5 survivors (5120K)
 Metaspace       used 70451K, capacity 72043K, committed 72140K, reserved 1112064K
  class space    used 8999K, capacity 9605K, committed 9676K, reserved 1048576K
}
Event: 17.888 GC heap after
{Heap after GC invocations=25 (full 0):
 garbage-first heap   total 115712K, used 60907K [0x0000000080000000, 0x0000000100000000)
  region size 1024K, 2 young (2048K), 2 survivors (2048K)
 Metaspace       used 70451K, capacity 72043K, committed 72140K, reserved 1112064K
  class space    used 8999K, capacity 9605K, committed 9676K, reserved 1048576K
}
Event: 18.737 GC heap before
{Heap before GC invocations=25 (full 0):
 garbage-first heap   total 115712K, used 90603K [0x0000000080000000, 0x0000000100000000)
  region size 1024K, 31 young (31744K), 2 survivors (2048K)
 Metaspace       used 73350K, capacity 75095K, committed 75340K, reserved 1114112K
  class space    used 9413K, capacity 10038K, committed 10060K, reserved 1048576K
}
Event: 18.747 GC heap after
{Heap after GC invocations=26 (full 0):
 garbage-first heap   total 115712K, used 62811K [0x0000000080000000, 0x0000000100000000)
  region size 1024K, 4 young (4096K), 4 survivors (4096K)
 Metaspace       used 73350K, capacity 75095K, committed 75340K, reserved 1114112K
  class space    used 9413K, capacity 10038K, committed 10060K, reserved 1048576K
}
Event: 19.406 GC heap before
{Heap before GC invocations=27 (full 0):
 garbage-first heap   total 115712K, used 92507K [0x0000000080000000, 0x0000000100000000)
  region size 1024K, 33 young (33792K), 4 survivors (4096K)
 Metaspace       used 75554K, capacity 77338K, committed 77516K, reserved 1116160K
  class space    used 9726K, capacity 10349K, committed 10444K, reserved 1048576K
}
Event: 19.418 GC heap after
{Heap after GC invocations=28 (full 0):
 garbage-first heap   total 115712K, used 64862K [0x0000000080000000, 0x0000000100000000)
  region size 1024K, 5 young (5120K), 5 survivors (5120K)
 Metaspace       used 75554K, capacity 77338K, committed 77516K, reserved 1116160K
  class space    used 9726K, capacity 10349K, committed 10444K, reserved 1048576K
}
Event: 20.170 GC heap before
{Heap before GC invocations=28 (full 0):
 garbage-first heap   total 115712K, used 93534K [0x0000000080000000, 0x0000000100000000)
  region size 1024K, 33 young (33792K), 5 survivors (5120K)
 Metaspace       used 79544K, capacity 81270K, committed 81356K, reserved 1120256K
  class space    used 10283K, capacity 10925K, committed 10956K, reserved 1048576K
}
Event: 20.188 GC heap after
{Heap after GC invocations=29 (full 0):
 garbage-first heap   total 139264K, used 66528K [0x0000000080000000, 0x0000000100000000)
  region size 1024K, 4 young (4096K), 4 survivors (4096K)
 Metaspace       used 79544K, capacity 81270K, committed 81356K, reserved 1120256K
  class space    used 10283K, capacity 10925K, committed 10956K, reserved 1048576K
}
Event: 21.217 GC heap before
{Heap before GC invocations=30 (full 0):
 garbage-first heap   total 139264K, used 103392K [0x0000000080000000, 0x0000000100000000)
  region size 1024K, 41 young (41984K), 4 survivors (4096K)
 Metaspace       used 83083K, capacity 85004K, committed 85196K, reserved 1122304K
  class space    used 10686K, capacity 11358K, committed 11468K, reserved 1048576K
}
Event: 21.237 GC heap after
{Heap after GC invocations=31 (full 0):
 garbage-first heap   total 139264K, used 70935K [0x0000000080000000, 0x0000000100000000)
  region size 1024K, 6 young (6144K), 6 survivors (6144K)
 Metaspace       used 83083K, capacity 85004K, committed 85196K, reserved 1122304K
  class space    used 10686K, capacity 11358K, committed 11468K, reserved 1048576K
}
Event: 22.292 GC heap before
{Heap before GC invocations=31 (full 0):
 garbage-first heap   total 139264K, used 105751K [0x0000000080000000, 0x0000000100000000)
  region size 1024K, 41 young (41984K), 6 survivors (6144K)
 Metaspace       used 84426K, capacity 86474K, committed 86732K, reserved 1124352K
  class space    used 10869K, capacity 11624K, committed 11724K, reserved 1048576K
}
Event: 22.311 GC heap after
{Heap after GC invocations=32 (full 0):
 garbage-first heap   total 139264K, used 73792K [0x0000000080000000, 0x0000000100000000)
  region size 1024K, 3 young (3072K), 3 survivors (3072K)
 Metaspace       used 84426K, capacity 86474K, committed 86732K, reserved 1124352K
  class space    used 10869K, capacity 11624K, committed 11724K, reserved 1048576K
}
Event: 23.176 GC heap before
{Heap before GC invocations=33 (full 0):
 garbage-first heap   total 139264K, used 108608K [0x0000000080000000, 0x0000000100000000)
  region size 1024K, 38 young (38912K), 3 survivors (3072K)
 Metaspace       used 84920K, capacity 86923K, committed 86988K, reserved 1124352K
  class space    used 10905K, capacity 11676K, committed 11724K, reserved 1048576K
}
Event: 23.186 GC heap after
{Heap after GC invocations=34 (full 0):
 garbage-first heap   total 139264K, used 76267K [0x0000000080000000, 0x0000000100000000)
  region size 1024K, 3 young (3072K), 3 survivors (3072K)
 Metaspace       used 84920K, capacity 86923K, committed 86988K, reserved 1124352K
  class space    used 10905K, capacity 11676K, committed 11724K, reserved 1048576K
}
Event: 23.872 GC heap before
{Heap before GC invocations=34 (full 0):
 garbage-first heap   total 139264K, used 110059K [0x0000000080000000, 0x0000000100000000)
  region size 1024K, 37 young (37888K), 3 survivors (3072K)
 Metaspace       used 87344K, capacity 89422K, committed 89676K, reserved 1126400K
  class space    used 11258K, capacity 12018K, committed 12108K, reserved 1048576K
}

